<?xml version="1.0" encoding="utf-8"?><testsuites name="pytest tests"><testsuite name="pytest" errors="0" failures="0" skipped="0" tests="17" time="5.394" timestamp="2026-03-28T14:23:27.407799+00:00" hostname="agent-env-1f315bfc-f0eb-4187-b60d-ba63f655f18d"><testcase classname="backend.tests.test_auth.TestAuthRegister" name="test_register_success" time="0.365" /><testcase classname="backend.tests.test_auth.TestAuthRegister" name="test_register_short_phone" time="0.134" /><testcase classname="backend.tests.test_auth.TestAuthRegister" name="test_register_short_password" time="0.101" /><testcase classname="backend.tests.test_auth.TestAuthRegister" name="test_register_duplicate_phone" time="0.104" /><testcase classname="backend.tests.test_auth.TestAuthRegister" name="test_register_short_name" time="0.117" /><testcase classname="backend.tests.test_auth.TestAuthLogin" name="test_login_success" time="0.323" /><testcase classname="backend.tests.test_auth.TestAuthLogin" name="test_login_wrong_password" time="0.325" /><testcase classname="backend.tests.test_auth.TestAuthLogin" name="test_login_nonexistent_phone" time="0.120" /><testcase classname="backend.tests.test_auth.TestAuthLogin" name="test_login_with_formatted_phone" time="0.326" /><testcase classname="backend.tests.test_auth.TestAuthMe" name="test_me_with_valid_session" time="0.692" /><testcase classname="backend.tests.test_auth.TestAuthMe" name="test_me_with_bearer_token" time="0.441" /><testcase classname="backend.tests.test_auth.TestAuthMe" name="test_me_without_session" time="0.099" /><testcase classname="backend.tests.test_auth.TestAuthMe" name="test_me_with_invalid_session" time="0.096" /><testcase classname="backend.tests.test_auth.TestAuthLogout" name="test_logout_clears_session" time="0.584" /><testcase classname="backend.tests.test_auth.TestAuthLogout" name="test_logout_without_session" time="0.100" /><testcase classname="backend.tests.test_auth.TestAuthIntegration" name="test_full_registration_flow" time="0.456" /><testcase classname="backend.tests.test_auth.TestAuthIntegration" name="test_login_logout_login_flow" time="0.913" /></testsuite></testsuites>